Line 203: Class MSAdodcLib.Adodc of control Adodc2 was not a loaded control class.
Line 249: Class MSAdodcLib.Adodc of control Adodc1 was not a loaded control class.
Line 208: The property name _ExtentX in Adodc2 is invalid.
Line 209: The property name _ExtentY in Adodc2 is invalid.
Line 210: The property name ConnectMode in Adodc2 is invalid.
Line 211: The property name CursorLocation in Adodc2 is invalid.
Line 212: The property name IsolationLevel in Adodc2 is invalid.
Line 213: The property name ConnectionTimeout in Adodc2 is invalid.
Line 214: The property name CommandTimeout in Adodc2 is invalid.
Line 215: The property name CursorType in Adodc2 is invalid.
Line 216: The property name LockType in Adodc2 is invalid.
Line 217: The property name CommandType in Adodc2 is invalid.
Line 218: The property name CursorOptions in Adodc2 is invalid.
Line 219: The property name CacheSize in Adodc2 is invalid.
Line 220: The property name MaxRecords in Adodc2 is invalid.
Line 221: The property name BOFAction in Adodc2 is invalid.
Line 222: The property name EOFAction in Adodc2 is invalid.
Line 223: The property name ConnectStringType in Adodc2 is invalid.
Line 227: The property name Orientation in Adodc2 is invalid.
Line 229: The property name Connect in Adodc2 is invalid.
Line 230: The property name OLEDBString in Adodc2 is invalid.
Line 231: The property name OLEDBFile in Adodc2 is invalid.
Line 232: The property name DataSourceName in Adodc2 is invalid.
Line 233: The property name OtherAttributes in Adodc2 is invalid.
Line 234: The property name UserName in Adodc2 is invalid.
Line 235: The property name Password in Adodc2 is invalid.
Line 236: The property name RecordSource in Adodc2 is invalid.
Line 237: The property name Caption in Adodc2 is invalid.
Line 247: The property name _Version in Adodc2 is invalid.
Line 254: The property name _ExtentX in Adodc1 is invalid.
Line 255: The property name _ExtentY in Adodc1 is invalid.
Line 256: The property name ConnectMode in Adodc1 is invalid.
Line 257: The property name CursorLocation in Adodc1 is invalid.
Line 258: The property name IsolationLevel in Adodc1 is invalid.
Line 259: The property name ConnectionTimeout in Adodc1 is invalid.
Line 260: The property name CommandTimeout in Adodc1 is invalid.
Line 261: The property name CursorType in Adodc1 is invalid.
Line 262: The property name LockType in Adodc1 is invalid.
Line 263: The property name CommandType in Adodc1 is invalid.
Line 264: The property name CursorOptions in Adodc1 is invalid.
Line 265: The property name CacheSize in Adodc1 is invalid.
Line 266: The property name MaxRecords in Adodc1 is invalid.
Line 267: The property name BOFAction in Adodc1 is invalid.
Line 268: The property name EOFAction in Adodc1 is invalid.
Line 269: The property name ConnectStringType in Adodc1 is invalid.
Line 273: The property name Orientation in Adodc1 is invalid.
Line 275: The property name Connect in Adodc1 is invalid.
Line 276: The property name OLEDBString in Adodc1 is invalid.
Line 277: The property name OLEDBFile in Adodc1 is invalid.
Line 278: The property name DataSourceName in Adodc1 is invalid.
Line 279: The property name OtherAttributes in Adodc1 is invalid.
Line 280: The property name UserName in Adodc1 is invalid.
Line 281: The property name Password in Adodc1 is invalid.
Line 282: The property name RecordSource in Adodc1 is invalid.
Line 283: The property name Caption in Adodc1 is invalid.
Line 293: The property name _Version in Adodc1 is invalid.
